<?xml version="1.0" encoding="UTF-8"?>
<testng-results skipped="0" failed="0" ignored="0" total="3" passed="3">
  <reporter-output>
  </reporter-output>
  <suite name="RegressionSuite" duration-ms="50909" started-at="2021-07-13T18:39:44 IST" finished-at="2021-07-13T18:40:35 IST">
    <groups>
    </groups>
    <test name="Test" duration-ms="50909" started-at="2021-07-13T18:39:44 IST" finished-at="2021-07-13T18:40:35 IST">
      <class name="testcase.MergeLead">
        <test-method status="PASS" signature="setFileName()[pri:0, instance:testcase.MergeLead@5579bb86]" name="setFileName" is-config="true" duration-ms="15" started-at="2021-07-13T18:39:44 IST" finished-at="2021-07-13T18:39:44 IST">
          <reporter-output>
          </reporter-output>
        </test-method> <!-- setFileName -->
        <test-method status="PASS" signature="startApp(java.lang.String, java.lang.String, java.lang.String)[pri:0, instance:testcase.MergeLead@5579bb86]" name="startApp" is-config="true" duration-ms="8928" started-at="2021-07-13T18:39:45 IST" finished-at="2021-07-13T18:39:54 IST">
          <params>
            <param index="0">
              <value>
                <![CDATA[http://leaftaps.com/opentaps/]]>
              </value>
            </param>
            <param index="1">
              <value>
                <![CDATA[DemoSalesManager]]>
              </value>
            </param>
            <param index="2">
              <value>
                <![CDATA[crmsfa]]>
              </value>
            </param>
          </params>
          <reporter-output>
          </reporter-output>
        </test-method> <!-- startApp -->
        <test-method status="PASS" signature="runMergeLead(java.lang.String)[pri:0, instance:testcase.MergeLead@5579bb86]" name="runMergeLead" duration-ms="6343" started-at="2021-07-13T18:39:54 IST" data-provider="fetchdata" finished-at="2021-07-13T18:40:00 IST">
          <params>
            <param index="0">
              <value>
                <![CDATA[Lekha]]>
              </value>
            </param>
          </params>
          <reporter-output>
          </reporter-output>
        </test-method> <!-- runMergeLead -->
        <test-method status="PASS" signature="closeBrosesr()[pri:0, instance:testcase.MergeLead@5579bb86]" name="closeBrosesr" is-config="true" duration-ms="4158" started-at="2021-07-13T18:40:00 IST" finished-at="2021-07-13T18:40:04 IST">
          <reporter-output>
          </reporter-output>
        </test-method> <!-- closeBrosesr -->
        <test-method status="PASS" signature="startApp(java.lang.String, java.lang.String, java.lang.String)[pri:0, instance:testcase.MergeLead@5579bb86]" name="startApp" is-config="true" duration-ms="4892" started-at="2021-07-13T18:40:04 IST" finished-at="2021-07-13T18:40:09 IST">
          <params>
            <param index="0">
              <value>
                <![CDATA[http://leaftaps.com/opentaps/]]>
              </value>
            </param>
            <param index="1">
              <value>
                <![CDATA[DemoSalesManager]]>
              </value>
            </param>
            <param index="2">
              <value>
                <![CDATA[crmsfa]]>
              </value>
            </param>
          </params>
          <reporter-output>
          </reporter-output>
        </test-method> <!-- startApp -->
        <test-method status="PASS" signature="runMergeLead(java.lang.String)[pri:0, instance:testcase.MergeLead@5579bb86]" name="runMergeLead" duration-ms="6117" started-at="2021-07-13T18:40:09 IST" data-provider="fetchdata" finished-at="2021-07-13T18:40:15 IST">
          <params>
            <param index="0">
              <value>
                <![CDATA[Priya]]>
              </value>
            </param>
          </params>
          <reporter-output>
          </reporter-output>
        </test-method> <!-- runMergeLead -->
        <test-method status="PASS" signature="closeBrosesr()[pri:0, instance:testcase.MergeLead@5579bb86]" name="closeBrosesr" is-config="true" duration-ms="4148" started-at="2021-07-13T18:40:15 IST" finished-at="2021-07-13T18:40:19 IST">
          <reporter-output>
          </reporter-output>
        </test-method> <!-- closeBrosesr -->
        <test-method status="PASS" signature="startApp(java.lang.String, java.lang.String, java.lang.String)[pri:0, instance:testcase.MergeLead@5579bb86]" name="startApp" is-config="true" duration-ms="5139" started-at="2021-07-13T18:40:19 IST" finished-at="2021-07-13T18:40:24 IST">
          <params>
            <param index="0">
              <value>
                <![CDATA[http://leaftaps.com/opentaps/]]>
              </value>
            </param>
            <param index="1">
              <value>
                <![CDATA[DemoSalesManager]]>
              </value>
            </param>
            <param index="2">
              <value>
                <![CDATA[crmsfa]]>
              </value>
            </param>
          </params>
          <reporter-output>
          </reporter-output>
        </test-method> <!-- startApp -->
        <test-method status="PASS" signature="runMergeLead(java.lang.String)[pri:0, instance:testcase.MergeLead@5579bb86]" name="runMergeLead" duration-ms="6150" started-at="2021-07-13T18:40:24 IST" data-provider="fetchdata" finished-at="2021-07-13T18:40:31 IST">
          <params>
            <param index="0">
              <value>
                <![CDATA[Hari]]>
              </value>
            </param>
          </params>
          <reporter-output>
          </reporter-output>
        </test-method> <!-- runMergeLead -->
        <test-method status="PASS" signature="closeBrosesr()[pri:0, instance:testcase.MergeLead@5579bb86]" name="closeBrosesr" is-config="true" duration-ms="4129" started-at="2021-07-13T18:40:31 IST" finished-at="2021-07-13T18:40:35 IST">
          <reporter-output>
          </reporter-output>
        </test-method> <!-- closeBrosesr -->
      </class> <!-- testcase.MergeLead -->
    </test> <!-- Test -->
  </suite> <!-- RegressionSuite -->
</testng-results>
