<?xml version="1.0" encoding="UTF-8"?>
<!-- Generated by org.testng.reporters.JUnitXMLReporter -->
<testsuite hostname="Pro-Amali" ignored="0" name="Test" tests="3" failures="0" timestamp="2021-07-13T18:40:35 IST" time="50.909" errors="0">
  <testcase name="runMergeLead" time="6.343" classname="testcase.MergeLead"/>
  <testcase name="runMergeLead" time="6.117" classname="testcase.MergeLead"/>
  <testcase name="runMergeLead" time="6.15" classname="testcase.MergeLead"/>
</testsuite> <!-- Test -->
